<?xml version="1.0" encoding="UTF-8"?>
<testng-results ignored="0" total="1" passed="1" failed="0" skipped="0">
  <reporter-output>
  </reporter-output>
  <suite started-at="2023-10-27T13:22:48 IST" name="Default suite" finished-at="2023-10-27T13:27:49 IST" duration-ms="301442">
    <groups>
    </groups>
    <test started-at="2023-10-27T13:22:48 IST" name="Default test" finished-at="2023-10-27T13:27:49 IST" duration-ms="301442">
      <class name="maventest.Foundit_test">
        <test-method is-config="true" signature="setup()[pri:0, instance:maventest.Foundit_test@55fe41ea]" started-at="2023-10-27T13:22:48 IST" name="setup" finished-at="2023-10-27T13:24:12 IST" duration-ms="84490" status="PASS">
          <reporter-output>
          </reporter-output>
        </test-method> <!-- setup -->
        <test-method is-config="true" signature="url()[pri:0, instance:maventest.Foundit_test@55fe41ea]" started-at="2023-10-27T13:24:14 IST" name="url" finished-at="2023-10-27T13:25:04 IST" duration-ms="50221" status="PASS">
          <reporter-output>
          </reporter-output>
        </test-method> <!-- url -->
        <test-method signature="test()[pri:0, instance:maventest.Foundit_test@55fe41ea]" started-at="2023-10-27T13:25:04 IST" name="test" finished-at="2023-10-27T13:27:49 IST" duration-ms="165212" status="PASS">
          <reporter-output>
          </reporter-output>
        </test-method> <!-- test -->
      </class> <!-- maventest.Foundit_test -->
    </test> <!-- Default test -->
  </suite> <!-- Default suite -->
</testng-results>
